<?xml version="1.0" encoding="utf-8"?>
<TestRun id="6da0f5e0-9dcb-4097-8bc5-e2469da5e16e" name="米山@DESKTOP-DE0SNP1 2025-10-19 17:19:10" runUser="DESKTOP-DE0SNP1\米山" xmlns="http://microsoft.com/schemas/VisualStudio/TeamTest/2010">
  <Times creation="2025-10-19T17:19:10.9671544+09:00" queuing="2025-10-19T17:19:10.9671547+09:00" start="2025-10-19T17:19:09.2973276+09:00" finish="2025-10-19T17:19:10.9877662+09:00" />
  <TestSettings name="default" id="de94ca95-bfe7-44e8-80e0-1f4d2ca16550">
    <Deployment runDeploymentRoot="米山_DESKTOP-DE0SNP1_2025-10-19_17_19_10" />
  </TestSettings>
  <Results>
    <UnitTestResult executionId="9cd8002f-6c61-4b76-a127-b45c2a4812fd" testId="aabf09ca-0f27-773e-54fd-8a78b17a5d4b" testName="DMRules.Tests.UnitTest1.Test1" computerName="DESKTOP-DE0SNP1" duration="00:00:00.0093158" startTime="2025-10-19T17:19:10.6415240+09:00" endTime="2025-10-19T17:19:10.6415677+09:00" testType="13cdc9d9-ddb5-4fa4-a97d-d965ccfc6d4b" outcome="Passed" testListId="8c84fa94-04c1-424b-9868-57a2d4851a1d" relativeResultsDirectory="9cd8002f-6c61-4b76-a127-b45c2a4812fd" />
  </Results>
  <TestDefinitions>
    <UnitTest name="DMRules.Tests.UnitTest1.Test1" storage="c:\users\米山\duelmasters\tests\dmrules.tests\bin\debug\net9.0\dmrules.tests.dll" id="aabf09ca-0f27-773e-54fd-8a78b17a5d4b">
      <Execution id="9cd8002f-6c61-4b76-a127-b45c2a4812fd" />
      <TestMethod codeBase="C:\Users\米山\DuelMasters\tests\DMRules.Tests\bin\Debug\net9.0\DMRules.Tests.dll" adapterTypeName="executor://xunit/VsTestRunner2/netcoreapp" className="DMRules.Tests.UnitTest1" name="Test1" />
    </UnitTest>
  </TestDefinitions>
  <TestEntries>
    <TestEntry testId="aabf09ca-0f27-773e-54fd-8a78b17a5d4b" executionId="9cd8002f-6c61-4b76-a127-b45c2a4812fd" testListId="8c84fa94-04c1-424b-9868-57a2d4851a1d" />
  </TestEntries>
  <TestLists>
    <TestList name="一覧に存在しない結果" id="8c84fa94-04c1-424b-9868-57a2d4851a1d" />
    <TestList name="読み込まれたすべての結果" id="19431567-8539-422a-85d7-44ee4e166bda" />
  </TestLists>
  <ResultSummary outcome="Completed">
    <Counters total="1" executed="1" passed="1" failed="0" error="0" timeout="0" aborted="0" inconclusive="0" passedButRunAborted="0" notRunnable="0" notExecuted="0" disconnected="0" warning="0" completed="0" inProgress="0" pending="0" />
    <Output>
      <StdOut>[xUnit.net 00:00:00.00] xUnit.net VSTest Adapter v2.8.2+699d445a1a (64-bit .NET 9.0.9)&#xD;
[xUnit.net 00:00:00.13]   Discovering: DMRules.Tests&#xD;
[xUnit.net 00:00:00.18]   Discovered:  DMRules.Tests&#xD;
[xUnit.net 00:00:00.20]   Starting:    DMRules.Tests&#xD;
[xUnit.net 00:00:00.39]   Finished:    DMRules.Tests&#xD;
</StdOut>
    </Output>
  </ResultSummary>
</TestRun>